<?xml version="1.0" encoding="UTF-8"?>
<testsuite xmlns:xsi="http://www.w3.org/2001/XMLSchema-instance" xsi:noNamespaceSchemaLocation="https://maven.apache.org/surefire/maven-surefire-plugin/xsd/surefire-test-report-3.0.xsd" version="3.0" name="com.wnj._2025_04_17.ApplicationTests" time="4.528" tests="1" errors="0" skipped="0" failures="0">
  <properties>
[...]
</properties>
  <testcase name="contextLoads" classname="com.wnj._2025_04_17.ApplicationTests" time="0.949">
    <system-out><![CDATA[19:23:34.341 [main] INFO org.springframework.test.context.support.AnnotationConfigContextLoaderUtils -- Could not detect default configuration classes for test class [com.wnj._2025_04_17.ApplicationTests]: ApplicationTests does not declare any static, non-private, non-final, nested classes annotated with @Configuration.
19:23:34.419 [main] INFO org.springframework.boot.test.context.SpringBootTestContextBootstrapper -- Found @SpringBootConfiguration com.wnj._2025_04_17.Application for test class com.wnj._2025_04_17.ApplicationTests
19:23:34.634 [main] INFO org.springframework.boot.devtools.restart.RestartApplicationListener -- Restart disabled due to context in which it is running

  .   ____          _            __ _ _
 /\\ / ___'_ __ _ _(_)_ __  __ _ \ \ \ \
( ( )\___ | '_ | '_| | '_ \/ _` | \ \ \ \
 \\/  ___)| |_)| | | | | || (_| |  ) ) ) )
  '  |____| .__|_| |_|_| |_\__, | / / / /
 =========|_|==============|___/=/_/_/_/

 :: Spring Boot ::               (v3.3.10)

2025-04-26T19:23:34.953+08:00  INFO 4056 --- [_2025_04_17] [           main] com.wnj._2025_04_17.ApplicationTests     : Starting ApplicationTests using Java 17.0.8 with PID 4056 (started by WNJ in E:\JAVA\_2025_04_17)
2025-04-26T19:23:34.954+08:00  INFO 4056 --- [_2025_04_17] [           main] com.wnj._2025_04_17.ApplicationTests     : No active profile set, falling back to 1 default profile: "default"
2025-04-26T19:23:37.576+08:00  INFO 4056 --- [_2025_04_17] [           main] o.s.b.a.e.web.EndpointLinksResolver      : Exposing 1 endpoint beneath base path '/actuator'
2025-04-26T19:23:37.671+08:00  INFO 4056 --- [_2025_04_17] [           main] com.wnj._2025_04_17.ApplicationTests     : Started ApplicationTests in 3.049 seconds (process running for 4.052)
]]></system-out>
  </testcase>
</testsuite>